-------------------------------------------
Batch: 0
-------------------------------------------
+--------------------+-----+
|            customer|score|
+--------------------+-----+
|Dan.Gonzalez@test...| -2.0|
|Larry.Ahmed@test.com|-40.0|
|  Neeraj.Wu@test.com|-10.0|
|Ashley.Anderson@t...| 26.5|
|Eric.Harris@test.com|  7.0|
| Lyn.Anandh@test.com| -1.5|
|Ben.Staples@test.com| -3.0|
|Lyn.Spencer@test.com| -3.5|
|Christina.Anandh@...| -1.0|
|Gail.Jefferson@te...| -0.5|
|Larry.Khatib@test...| -0.5|
|Edward.Fibonnaci@...| -5.0|
|Christina.Spencer...| -3.5|
|Christina.Davis@t...| -3.0|
|Ben.Phillips@test...| -3.0|
|Jason.Spencer@tes...| -3.5|
|    John.Wu@test.com| 14.5|
|Jason.Davis@test.com|  7.0|
|Ashley.Jackson@te...|-15.5|
|Larry.Habschied@t...|-12.5|
+--------------------+-----+
only showing top 20 rows

-------------------------------------------
Batch: 1
-------------------------------------------
+--------------------+-----+
|            customer|score|
+--------------------+-----+
|Bobby.Habschied@t...|-52.5|
+--------------------+-----+

-------------------------------------------
Batch: 2
-------------------------------------------
+--------------------+-----+
|            customer|score|
+--------------------+-----+
|Jason.Jones@test.com| 15.0|
+--------------------+-----+

-------------------------------------------
Batch: 3
-------------------------------------------
+--------------------+-----+
|            customer|score|
+--------------------+-----+
|Senthil.Habschied...|  6.5|
+--------------------+-----+

-------------------------------------------
Batch: 4
-------------------------------------------
+--------------------+-----+
|            customer|score|
+--------------------+-----+
|Gail.Habschied@te...| 10.5|
+--------------------+-----+

-------------------------------------------
Batch: 5
-------------------------------------------
+--------------------+-----+
|            customer|score|
+--------------------+-----+
|Jason.Harris@test...|-20.0|
+--------------------+-----+

-------------------------------------------
Batch: 6
-------------------------------------------
+--------------------+-----+
|            customer|score|
+--------------------+-----+
|Ben.Clayton@test.com| -3.0|
+--------------------+-----+

-------------------------------------------
Batch: 7
-------------------------------------------
+--------------------+-----+
|            customer|score|
+--------------------+-----+
|Bobby.Clark@test.com| -1.0|
+--------------------+-----+

-------------------------------------------
Batch: 8
-------------------------------------------
+--------------------+-----+
|            customer|score|
+--------------------+-----+
|Jason.Gonzalez@te...| -2.0|
+--------------------+-----+

-------------------------------------------
Batch: 9
-------------------------------------------
+--------------------+-----+
|            customer|score|
+--------------------+-----+
|Gail.Harris@test.com| -5.0|
+--------------------+-----+

