DataFrame[email: string, birthYear: string]
-------------------------------------------
Batch: 0
-------------------------------------------
+--------------------+---------+
|               email|birthYear|
+--------------------+---------+
|      pawan@test.com|     1985|
|   sam.test@test.com|     2001|
|Dan.Gonzalez@test...|     1965|
|Larry.Ahmed@test.com|     1964|
|  Neeraj.Wu@test.com|     1963|
|Ashley.Anderson@t...|     1962|
|Eric.Harris@test.com|     1961|
| Lyn.Anandh@test.com|     1960|
|Ben.Staples@test.com|     1959|
|Lyn.Spencer@test.com|     1958|
|Christina.Anandh@...|     1957|
|Gail.Jefferson@te...|     1956|
|Larry.Khatib@test...|     1955|
|Edward.Fibonnaci@...|     1954|
|Christina.Spencer...|     1953|
|Christina.Davis@t...|     1952|
|Ben.Phillips@test...|     1951|
|Jason.Spencer@tes...|     1950|
|    John.Wu@test.com|     1949|
|Jason.Davis@test.com|     1948|
+--------------------+---------+
only showing top 20 rows

-------------------------------------------
Batch: 1
-------------------------------------------
+-----+---------+
|email|birthYear|
+-----+---------+
+-----+---------+

-------------------------------------------
Batch: 2
-------------------------------------------
+-----+---------+
|email|birthYear|
+-----+---------+
+-----+---------+

-------------------------------------------
Batch: 3
-------------------------------------------
+-----+---------+
|email|birthYear|
+-----+---------+
+-----+---------+

-------------------------------------------
Batch: 4
-------------------------------------------
+-----+---------+
|email|birthYear|
+-----+---------+
+-----+---------+

-------------------------------------------
Batch: 5
-------------------------------------------
+-----+---------+
|email|birthYear|
+-----+---------+
+-----+---------+

-------------------------------------------
Batch: 6
-------------------------------------------
+-----+---------+
|email|birthYear|
+-----+---------+
+-----+---------+

-------------------------------------------
Batch: 7
-------------------------------------------
+-----+---------+
|email|birthYear|
+-----+---------+
+-----+---------+

