Spark Command: /usr/lib/jvm/java-8-openjdk-amd64/jre/bin/java -cp /opt/spark-2.3.4-bin-hadoop2.7/conf/:/opt/spark-2.3.4-bin-hadoop2.7/jars/* -Xmx1g org.apache.spark.deploy.worker.Worker --webui-port 8081 spark://82d14d143272:7077
========================================
2022-03-12 20:35:08 INFO  Worker:2612 - Started daemon with process name: 1702@82d14d143272
2022-03-12 20:35:08 INFO  SignalUtils:54 - Registered signal handler for TERM
2022-03-12 20:35:08 INFO  SignalUtils:54 - Registered signal handler for HUP
2022-03-12 20:35:08 INFO  SignalUtils:54 - Registered signal handler for INT
2022-03-12 20:35:10 WARN  NativeCodeLoader:62 - Unable to load native-hadoop library for your platform... using builtin-java classes where applicable
2022-03-12 20:35:10 INFO  SecurityManager:54 - Changing view acls to: root
2022-03-12 20:35:10 INFO  SecurityManager:54 - Changing modify acls to: root
2022-03-12 20:35:10 INFO  SecurityManager:54 - Changing view acls groups to: 
2022-03-12 20:35:10 INFO  SecurityManager:54 - Changing modify acls groups to: 
2022-03-12 20:35:10 INFO  SecurityManager:54 - SecurityManager: authentication disabled; ui acls disabled; users  with view permissions: Set(root); groups with view permissions: Set(); users  with modify permissions: Set(root); groups with modify permissions: Set()
2022-03-12 20:35:11 INFO  Utils:54 - Successfully started service 'sparkWorker' on port 45503.
2022-03-12 20:35:12 INFO  Worker:54 - Starting Spark worker 172.18.0.2:45503 with 2 cores, 6.3 GB RAM
2022-03-12 20:35:12 INFO  Worker:54 - Running Spark version 2.3.4
2022-03-12 20:35:12 INFO  Worker:54 - Spark home: /opt/spark-2.3.4-bin-hadoop2.7
2022-03-12 20:35:13 INFO  log:192 - Logging initialized @7150ms
2022-03-12 20:35:13 INFO  Server:351 - jetty-9.3.z-SNAPSHOT, build timestamp: unknown, git hash: unknown
2022-03-12 20:35:13 INFO  Server:419 - Started @7368ms
2022-03-12 20:35:13 WARN  Utils:66 - Service 'WorkerUI' could not bind on port 8081. Attempting port 8082.
2022-03-12 20:35:13 WARN  Utils:66 - Service 'WorkerUI' could not bind on port 8082. Attempting port 8083.
2022-03-12 20:35:13 WARN  Utils:66 - Service 'WorkerUI' could not bind on port 8083. Attempting port 8084.
2022-03-12 20:35:13 INFO  AbstractConnector:278 - Started ServerConnector@43aa34e2{HTTP/1.1,[http/1.1]}{0.0.0.0:8084}
2022-03-12 20:35:13 INFO  Utils:54 - Successfully started service 'WorkerUI' on port 8084.
2022-03-12 20:35:13 INFO  ContextHandler:781 - Started o.s.j.s.ServletContextHandler@d177dc1{/logPage,null,AVAILABLE,@Spark}
2022-03-12 20:35:13 INFO  ContextHandler:781 - Started o.s.j.s.ServletContextHandler@7d53ff3f{/logPage/json,null,AVAILABLE,@Spark}
2022-03-12 20:35:13 INFO  ContextHandler:781 - Started o.s.j.s.ServletContextHandler@26023190{/,null,AVAILABLE,@Spark}
2022-03-12 20:35:13 INFO  ContextHandler:781 - Started o.s.j.s.ServletContextHandler@5507f29c{/json,null,AVAILABLE,@Spark}
2022-03-12 20:35:13 INFO  ContextHandler:781 - Started o.s.j.s.ServletContextHandler@374f5504{/static,null,AVAILABLE,@Spark}
2022-03-12 20:35:13 INFO  ContextHandler:781 - Started o.s.j.s.ServletContextHandler@2d5cd40{/log,null,AVAILABLE,@Spark}
2022-03-12 20:35:13 INFO  WorkerWebUI:54 - Bound WorkerWebUI to 0.0.0.0, and started at http://82d14d143272:8084
2022-03-12 20:35:13 INFO  Worker:54 - Connecting to master 82d14d143272:7077...
2022-03-12 20:35:13 INFO  ContextHandler:781 - Started o.s.j.s.ServletContextHandler@6e3c8352{/metrics/json,null,AVAILABLE,@Spark}
2022-03-12 20:35:13 INFO  TransportClientFactory:267 - Successfully created connection to 82d14d143272/172.18.0.2:7077 after 173 ms (0 ms spent in bootstraps)
2022-03-12 20:35:14 INFO  Worker:54 - Successfully registered with master spark://82d14d143272:7077
